2023-09-27 13:33:48 - mangGoDB - "E:\12313123\pythonTest\HelloWorld\static\app\mongoClient.py:41" - insert_one - ERROR - Failed to insert document into test.123: 'Future' object is not subscriptable
2023-09-27 13:39:40 - mangGoDB - "E:\12313123\pythonTest\HelloWorld\static\app\mongoClient.py:42" - insert_one - ERROR - Failed to insert document into test.123: 'Future' object is not subscriptable
2023-09-27 13:40:08 - mangGoDB - "E:\12313123\pythonTest\HelloWorld\static\app\mongoClient.py:42" - insert_one - ERROR - Failed to insert document into test.123: 'Future' object is not subscriptable
2023-09-27 14:25:14 - mangGoDB - "E:\12313123\pythonTest\HelloWorld\static\app\mongoClient.py:47" - insert_one - ERROR - Failed to insert document into test.123: 'Future' object is not subscriptable
2023-09-27 14:25:53 - mangGoDB - "E:\12313123\pythonTest\HelloWorld\static\app\mongoClient.py:47" - insert_one - ERROR - Failed to insert document into test.123: 'Future' object is not subscriptable
2023-09-27 14:26:57 - mangGoDB - "E:\12313123\pythonTest\HelloWorld\static\app\mongoClient.py:47" - insert_one - ERROR - Failed to insert document into test.123: 'Future' object is not subscriptable
2023-09-27 14:28:23 - mangGoDB - "E:\12313123\pythonTest\HelloWorld\static\app\mongoClient.py:49" - insert_one - ERROR - Failed to insert document into test.123: 'Future' object is not subscriptable
2023-09-27 14:28:59 - mangGoDB - "E:\12313123\pythonTest\HelloWorld\static\app\mongoClient.py:49" - insert_one - ERROR - Failed to insert document into test.123: 'Future' object is not subscriptable
2023-09-27 14:31:01 - mangGoDB - "E:\12313123\pythonTest\HelloWorld\static\app\mongoClient.py:47" - insert_one - ERROR - Failed to insert document into test.123: 'Future' object is not subscriptable
2023-09-27 15:00:28 - mangGoDB - "E:\12313123\pythonTest\HelloWorld\static\app\mongoClient.py:39" - insert_one - ERROR - Failed to insert document into test.123: 'Future' object is not subscriptable
2023-09-27 15:01:05 - mangGoDB - "E:\12313123\pythonTest\HelloWorld\static\app\mongoClient.py:38" - insert_one - ERROR - Failed to insert document into test.123: 'Future' object is not subscriptable
2023-09-27 15:01:36 - mangGoDB - "E:\12313123\pythonTest\HelloWorld\static\app\mongoClient.py:38" - insert_one - ERROR - Failed to insert document into test.123: 'Future' object is not subscriptable
2023-09-27 15:05:49 - mangGoDB - "E:\12313123\pythonTest\HelloWorld\static\app\mongoClient.py:38" - insert_one - ERROR - Failed to insert document into test.123: 'Future' object is not subscriptable
2023-09-27 15:14:02 - mangGoDB - "E:\12313123\pythonTest\HelloWorld\static\app\mongoClient.py:39" - insert_one - ERROR - Failed to insert document into test.123: 'Future' object is not subscriptable
2023-09-27 15:15:05 - mangGoDB - "E:\12313123\pythonTest\HelloWorld\static\app\mongoClient.py:39" - insert_one - ERROR - Failed to insert document into test.123: 'MongoClient' object is not callable
2023-09-27 15:15:35 - mangGoDB - "E:\12313123\pythonTest\HelloWorld\static\app\mongoClient.py:39" - insert_one - ERROR - Failed to insert document into test.123: 'MongoClient' object is not callable
2023-09-27 15:16:32 - mangGoDB - "E:\12313123\pythonTest\HelloWorld\static\app\mongoClient.py:40" - insert_one - ERROR - Failed to insert document into test.123: 'MongoClient' object is not callable
2023-09-27 15:21:55 - mangGoDB - "E:\12313123\pythonTest\HelloWorld\static\app\mongoClient.py:40" - insert_one - ERROR - Failed to insert document into test.123: 'Future' object has no attribute 'get'
2023-09-27 15:22:23 - mangGoDB - "E:\12313123\pythonTest\HelloWorld\static\app\mongoClient.py:40" - insert_one - ERROR - Failed to insert document into test.123: 'Future' object has no attribute 'get'
2023-09-27 15:23:07 - mangGoDB - "E:\12313123\pythonTest\HelloWorld\static\app\mongoClient.py:40" - insert_one - ERROR - Failed to insert document into test.123: 'Future' object has no attribute 'get'
2023-09-27 15:24:16 - mangGoDB - "E:\12313123\pythonTest\HelloWorld\static\app\mongoClient.py:40" - insert_one - ERROR - Failed to insert document into test.123: 'Future' object has no attribute 'get'
2023-09-27 15:24:30 - mangGoDB - "E:\12313123\pythonTest\HelloWorld\static\app\mongoClient.py:40" - insert_one - ERROR - Failed to insert document into test.123: 'Future' object has no attribute 'get'
2023-09-27 15:25:00 - mangGoDB - "E:\12313123\pythonTest\HelloWorld\static\app\mongoClient.py:41" - insert_one - ERROR - Failed to insert document into test.123: 'Future' object is not subscriptable
2023-09-27 15:26:54 - mangGoDB - "E:\12313123\pythonTest\HelloWorld\static\app\mongoClient.py:41" - insert_one - ERROR - Failed to insert document into test.123: 'MongoClient' object is not callable
2023-09-27 15:27:19 - mangGoDB - "E:\12313123\pythonTest\HelloWorld\static\app\mongoClient.py:41" - insert_one - ERROR - Failed to insert document into test.123: 'MongoClient' object is not callable
2023-09-27 15:27:30 - mangGoDB - "E:\12313123\pythonTest\HelloWorld\static\app\mongoClient.py:41" - insert_one - ERROR - Failed to insert document into test.123: 'Future' object is not subscriptable
2023-09-27 15:40:51 - mangGoDB - "E:\12313123\pythonTest\HelloWorld\static\app\mongoClient.py:41" - insert_one - ERROR - Failed to insert document into test.123: 'Future' object is not subscriptable
2023-09-27 15:44:13 - mangGoDB - "E:\12313123\pythonTest\HelloWorld\static\app\mongoClient.py:39" - insert_one - ERROR - Failed to insert document into test.123: cannot schedule new futures after shutdown
2023-09-27 15:55:40 - mangGoDB - "E:\12313123\pythonTest\HelloWorld\static\app\mongoClient.py:40" - insert_one - ERROR - Failed to insert document into test.123: 'MongoClient' object is not callable
2023-09-27 16:15:40 - mangGoDB - "E:\12313123\pythonTest\HelloWorld\static\app\mongoClient.py:43" - insert_one - ERROR - Failed to insert document into test.123: Future.add_done_callback() takes 2 positional arguments but 3 were given
2023-09-27 16:15:40 - mangGoDB - "E:\12313123\pythonTest\HelloWorld\static\app\mongoClient.py:43" - insert_one - ERROR - Failed to insert document into test.123: Future.add_done_callback() takes 2 positional arguments but 3 were given
2023-09-27 16:15:40 - mangGoDB - "E:\12313123\pythonTest\HelloWorld\static\app\mongoClient.py:43" - insert_one - ERROR - Failed to insert document into test.123: Future.add_done_callback() takes 2 positional arguments but 3 were given
2023-09-27 16:26:16 - mangGoDB - "E:\12313123\pythonTest\HelloWorld\static\app\mongoClient.py:42" - insert_one - ERROR - 向数据库插入单个错误--->表名 test 集合名字---> 123: 错误'InsertOneResult' object has no attribute 'inserted_ids'
